{"timestamp":"2026-04-19T23:15:30.731Z","event":"QUARANTINE","item_id":"edge-case-001","lane":"library","reason":"LANE_MISMATCH","retry_count":1,"next_retry_in_ms":null}
{"timestamp":"2026-04-19T23:26:44.567Z","event":"QUARANTINE","item_id":"edge-case-001","lane":"library","reason":"LANE_MISMATCH","retry_count":1,"next_retry_in_ms":null}
{"timestamp":"2026-04-19T23:27:11.598Z","event":"QUARANTINE","item_id":"test-unsigned","lane":"library","reason":"MISSING_SIGNATURE","retry_count":1,"next_retry_in_ms":null}
{"timestamp":"2026-04-19T23:27:30.816Z","event":"QUARANTINE","item_id":"test-unsigned","lane":"library","reason":"MISSING_SIGNATURE","retry_count":1,"next_retry_in_ms":null}
{"timestamp":"2026-04-19T23:33:32.444Z","event":"QUARANTINE","item_id":"test-unsigned","lane":"library","reason":"MISSING_SIGNATURE","retry_count":1,"next_retry_in_ms":null}
{"timestamp":"2026-04-19T23:40:11.347Z","event":"QUARANTINE","item_id":"edge-case-001","lane":"library","reason":"LANE_MISMATCH","retry_count":1,"next_retry_in_ms":null}
{"timestamp":"2026-04-20T00:12:16.607Z","event":"QUARANTINE","item_id":"edge-case-001","lane":"library","reason":"LANE_MISMATCH","retry_count":1,"next_retry_in_ms":null}
{"timestamp":"2026-04-20T16:08:25.135Z","event":"QUARANTINE","item_id":"68aa79eba1e12a48","lane":"library","reason":"MISSING_SIGNATURE","retry_count":1,"next_retry_in_ms":null}
{"timestamp":"2026-04-20T17:03:37.959Z","event":"QUARANTINE","item_id":"68aa79eba1e12a48","lane":"library","reason":"MISSING_SIGNATURE","retry_count":1,"next_retry_in_ms":null}
{"timestamp":"2026-04-20T17:06:29.336Z","event":"QUARANTINE","item_id":"68aa79eba1e12a48","lane":"library","reason":"MISSING_SIGNATURE","retry_count":1,"next_retry_in_ms":null}
{"timestamp":"2026-04-20T17:14:30.202Z","event":"QUARANTINE","item_id":"no-sig-1","lane":"library","reason":"MISSING_SIGNATURE","retry_count":1,"next_retry_in_ms":null}
{"timestamp":"2026-04-20T17:14:30.204Z","event":"QUARANTINE","item_id":"bad-jws-1","lane":"library","reason":"SIGNATURE_MISMATCH","retry_count":1,"next_retry_in_ms":null}
{"timestamp":"2026-04-20T17:14:30.341Z","event":"QUARANTINE","item_id":"lane-mismatch-1","lane":"library","reason":"LANE_MISMATCH","retry_count":1,"next_retry_in_ms":null}
{"timestamp":"2026-04-20T17:14:49.032Z","event":"QUARANTINE","item_id":"no-sig-1","lane":"library","reason":"MISSING_SIGNATURE","retry_count":1,"next_retry_in_ms":null}
{"timestamp":"2026-04-20T17:14:49.034Z","event":"QUARANTINE","item_id":"bad-jws-1","lane":"library","reason":"SIGNATURE_MISMATCH","retry_count":1,"next_retry_in_ms":null}
{"timestamp":"2026-04-20T17:14:49.097Z","event":"QUARANTINE","item_id":"lane-mismatch-1","lane":"library","reason":"LANE_MISMATCH","retry_count":1,"next_retry_in_ms":null}
{"timestamp":"2026-04-20T17:14:55.432Z","event":"QUARANTINE","item_id":"68aa79eba1e12a48","lane":"library","reason":"MISSING_SIGNATURE","retry_count":1,"next_retry_in_ms":null}
{"timestamp":"2026-04-20T23:46:51.580Z","event":"QUARANTINE","item_id":"no-sig-1","lane":"library","reason":"MISSING_SIGNATURE","retry_count":1,"next_retry_in_ms":null}
{"timestamp":"2026-04-20T23:46:51.582Z","event":"QUARANTINE","item_id":"bad-jws-1","lane":"library","reason":"SIGNATURE_MISMATCH","retry_count":1,"next_retry_in_ms":null}
{"timestamp":"2026-04-20T23:46:51.638Z","event":"QUARANTINE","item_id":"lane-mismatch-1","lane":"library","reason":"LANE_MISMATCH","retry_count":1,"next_retry_in_ms":null}
{"timestamp":"2026-04-20T23:46:51.835Z","event":"QUARANTINE","item_id":"68aa79eba1e12a48","lane":"library","reason":"MISSING_SIGNATURE","retry_count":1,"next_retry_in_ms":null}
{"timestamp":"2026-04-20T23:50:43.513Z","event":"QUARANTINE","item_id":"x1","lane":"library","reason":"MISSING_SIGNATURE","retry_count":1,"next_retry_in_ms":null}
{"timestamp":"2026-04-21T00:55:53.717Z","event":"QUARANTINE","item_id":"lib-recovery-test","lane":"library","reason":"MISSING_SIGNATURE","retry_count":1,"next_retry_in_ms":null}
{"timestamp":"2026-04-21T00:55:53.717Z","event":"QUARANTINE","item_id":"no-sig-1","lane":"library","reason":"MISSING_SIGNATURE","retry_count":1,"next_retry_in_ms":null}
{"timestamp":"2026-04-21T00:55:53.719Z","event":"QUARANTINE","item_id":"bad-jws-1","lane":"library","reason":"SIGNATURE_MISMATCH","retry_count":1,"next_retry_in_ms":null}
{"timestamp":"2026-04-21T00:55:53.727Z","event":"HANDOFF_SIGNAL","item_id":"lib-recovery-test","lane":"library","reason":"ORCHESTRATOR_UNREACHABLE","retry_count":0,"message":"Operator intervention required"}
{"timestamp":"2026-04-21T00:55:53.792Z","event":"QUARANTINE","item_id":"lane-mismatch-1","lane":"swarmmind","reason":"LANE_MISMATCH","retry_count":1,"next_retry_in_ms":null}
{"timestamp":"2026-04-23T00:18:09.683Z","event":"QUARANTINE","item_id":"no-sig-1","lane":"library","reason":"MISSING_SIGNATURE","retry_count":1,"next_retry_in_ms":null}
{"timestamp":"2026-04-23T00:18:09.684Z","event":"QUARANTINE","item_id":"bad-jws-1","lane":"library","reason":"SIGNATURE_MISMATCH","retry_count":1,"next_retry_in_ms":null}
{"timestamp":"2026-04-23T00:18:09.749Z","event":"QUARANTINE","item_id":"lane-mismatch-1","lane":"swarmmind","reason":"LANE_MISMATCH","retry_count":1,"next_retry_in_ms":null}
