[2026-05-12T18:43:19.009Z] [task-chain] Starting task-chain-engine run (lane=library, dry_run=false)
[2026-05-12T18:43:19.010Z] [task-chain] No tasks in inbox — iteration 0 idle
[2026-05-12T18:43:19.010Z] [task-chain] Run complete: iterations=1 processed=0 chains_active=0 chains_completed=0 followups=0
[2026-05-12T18:46:36.966Z] [task-chain] Starting task-chain-engine run (lane=library, dry_run=false)
[2026-05-12T18:46:36.967Z] [task-chain] No tasks in inbox — iteration 0 idle
[2026-05-12T18:46:36.967Z] [task-chain] Run complete: iterations=1 processed=0 chains_active=0 chains_completed=0 followups=0
[2026-05-12T18:50:00.622Z] [task-chain] Starting task-chain-engine run (lane=library, dry_run=false)
[2026-05-12T18:50:00.623Z] [task-chain] No tasks in inbox — iteration 0 idle
[2026-05-12T18:50:00.623Z] [task-chain] Run complete: iterations=1 processed=0 chains_active=0 chains_completed=0 followups=0
[2026-05-12T18:53:30.073Z] [task-chain] Starting task-chain-engine run (lane=library, dry_run=false)
[2026-05-12T18:53:30.075Z] [task-chain] No tasks in inbox — iteration 0 idle
[2026-05-12T18:53:30.075Z] [task-chain] Run complete: iterations=1 processed=0 chains_active=0 chains_completed=0 followups=0
[2026-05-12T18:56:47.975Z] [task-chain] Starting task-chain-engine run (lane=library, dry_run=false)
[2026-05-12T18:56:47.976Z] [task-chain] No tasks in inbox — iteration 0 idle
[2026-05-12T18:56:47.976Z] [task-chain] Run complete: iterations=1 processed=0 chains_active=0 chains_completed=0 followups=0
[2026-05-12T19:00:05.173Z] [task-chain] Starting task-chain-engine run (lane=library, dry_run=false)
[2026-05-12T19:00:05.174Z] [task-chain] No tasks in inbox — iteration 0 idle
[2026-05-12T19:00:05.174Z] [task-chain] Run complete: iterations=1 processed=0 chains_active=0 chains_completed=0 followups=0
[2026-05-12T19:03:23.274Z] [task-chain] Starting task-chain-engine run (lane=library, dry_run=false)
[2026-05-12T19:03:23.275Z] [task-chain] No tasks in inbox — iteration 0 idle
[2026-05-12T19:03:23.275Z] [task-chain] Run complete: iterations=1 processed=0 chains_active=0 chains_completed=0 followups=0
[2026-05-12T19:06:46.022Z] [task-chain] Starting task-chain-engine run (lane=library, dry_run=false)
[2026-05-12T19:06:46.024Z] [task-chain] No tasks in inbox — iteration 0 idle
[2026-05-12T19:06:46.024Z] [task-chain] Run complete: iterations=1 processed=0 chains_active=0 chains_completed=0 followups=0
[2026-05-12T19:10:03.264Z] [task-chain] Starting task-chain-engine run (lane=library, dry_run=false)
[2026-05-12T19:10:03.265Z] [task-chain] No tasks in inbox — iteration 0 idle
[2026-05-12T19:10:03.265Z] [task-chain] Run complete: iterations=1 processed=0 chains_active=0 chains_completed=0 followups=0
[2026-05-12T19:13:20.463Z] [task-chain] Starting task-chain-engine run (lane=library, dry_run=false)
[2026-05-12T19:13:20.463Z] [task-chain] No tasks in inbox — iteration 0 idle
[2026-05-12T19:13:20.464Z] [task-chain] Run complete: iterations=1 processed=0 chains_active=0 chains_completed=0 followups=0
[2026-05-12T19:16:35.863Z] [task-chain] Starting task-chain-engine run (lane=library, dry_run=false)
[2026-05-12T19:16:35.864Z] [task-chain] No tasks in inbox — iteration 0 idle
[2026-05-12T19:16:35.864Z] [task-chain] Run complete: iterations=1 processed=0 chains_active=0 chains_completed=0 followups=0
[2026-05-12T19:20:53.690Z] [task-chain] Starting task-chain-engine run (lane=library, dry_run=false)
[2026-05-12T19:20:53.692Z] [task-chain] No tasks in inbox — iteration 0 idle
[2026-05-12T19:20:53.692Z] [task-chain] Run complete: iterations=1 processed=0 chains_active=0 chains_completed=0 followups=0
[2026-05-12T19:25:10.648Z] [task-chain] Starting task-chain-engine run (lane=library, dry_run=false)
[2026-05-12T19:25:10.648Z] [task-chain] No tasks in inbox — iteration 0 idle
[2026-05-12T19:25:10.648Z] [task-chain] Run complete: iterations=1 processed=0 chains_active=0 chains_completed=0 followups=0
[2026-05-12T19:29:28.016Z] [task-chain] Starting task-chain-engine run (lane=library, dry_run=false)
[2026-05-12T19:29:28.017Z] [task-chain] No tasks in inbox — iteration 0 idle
[2026-05-12T19:29:28.017Z] [task-chain] Run complete: iterations=1 processed=0 chains_active=0 chains_completed=0 followups=0
[2026-05-12T19:33:43.926Z] [task-chain] Starting task-chain-engine run (lane=library, dry_run=false)
[2026-05-12T19:33:43.927Z] [task-chain] No tasks in inbox — iteration 0 idle
[2026-05-12T19:33:43.927Z] [task-chain] Run complete: iterations=1 processed=0 chains_active=0 chains_completed=0 followups=0
[2026-05-12T19:37:00.834Z] [task-chain] Starting task-chain-engine run (lane=library, dry_run=false)
[2026-05-12T19:37:00.835Z] [task-chain] No tasks in inbox — iteration 0 idle
[2026-05-12T19:37:00.835Z] [task-chain] Run complete: iterations=1 processed=0 chains_active=0 chains_completed=0 followups=0
[2026-05-12T19:40:29.992Z] [task-chain] Starting task-chain-engine run (lane=library, dry_run=false)
[2026-05-12T19:40:29.993Z] [task-chain] No tasks in inbox — iteration 0 idle
[2026-05-12T19:40:29.993Z] [task-chain] Run complete: iterations=1 processed=0 chains_active=0 chains_completed=0 followups=0
[2026-05-12T19:45:21.965Z] [task-chain] Starting task-chain-engine run (lane=library, dry_run=false)
[2026-05-12T19:45:21.966Z] [task-chain] No tasks in inbox — iteration 0 idle
[2026-05-12T19:45:21.966Z] [task-chain] Run complete: iterations=1 processed=0 chains_active=0 chains_completed=0 followups=0
[2026-05-12T19:48:56.380Z] [task-chain] Starting task-chain-engine run (lane=library, dry_run=false)
[2026-05-12T19:48:56.381Z] [task-chain] No tasks in inbox — iteration 0 idle
[2026-05-12T19:48:56.381Z] [task-chain] Run complete: iterations=1 processed=0 chains_active=0 chains_completed=0 followups=0
[2026-05-12T19:52:31.041Z] [task-chain] Starting task-chain-engine run (lane=library, dry_run=false)
[2026-05-12T19:52:31.042Z] [task-chain] No tasks in inbox — iteration 0 idle
[2026-05-12T19:52:31.042Z] [task-chain] Run complete: iterations=1 processed=0 chains_active=0 chains_completed=0 followups=0
[2026-05-12T19:55:48.811Z] [task-chain] Starting task-chain-engine run (lane=library, dry_run=false)
[2026-05-12T19:55:48.812Z] [task-chain] No tasks in inbox — iteration 0 idle
[2026-05-12T19:55:48.812Z] [task-chain] Run complete: iterations=1 processed=0 chains_active=0 chains_completed=0 followups=0
[2026-05-12T19:59:07.593Z] [task-chain] Starting task-chain-engine run (lane=library, dry_run=false)
[2026-05-12T19:59:07.594Z] [task-chain] No tasks in inbox — iteration 0 idle
[2026-05-12T19:59:07.594Z] [task-chain] Run complete: iterations=1 processed=0 chains_active=0 chains_completed=0 followups=0
[2026-05-12T20:02:24.592Z] [task-chain] Starting task-chain-engine run (lane=library, dry_run=false)
[2026-05-12T20:02:24.593Z] [task-chain] No tasks in inbox — iteration 0 idle
[2026-05-12T20:02:24.593Z] [task-chain] Run complete: iterations=1 processed=0 chains_active=0 chains_completed=0 followups=0
[2026-05-12T20:05:40.945Z] [task-chain] Starting task-chain-engine run (lane=library, dry_run=false)
[2026-05-12T20:05:40.946Z] [task-chain] No tasks in inbox — iteration 0 idle
[2026-05-12T20:05:40.946Z] [task-chain] Run complete: iterations=1 processed=0 chains_active=0 chains_completed=0 followups=0
[2026-05-12T20:08:58.072Z] [task-chain] Starting task-chain-engine run (lane=library, dry_run=false)
[2026-05-12T20:08:58.073Z] [task-chain] No tasks in inbox — iteration 0 idle
[2026-05-12T20:08:58.073Z] [task-chain] Run complete: iterations=1 processed=0 chains_active=0 chains_completed=0 followups=0
[2026-05-12T20:13:14.895Z] [task-chain] Starting task-chain-engine run (lane=library, dry_run=false)
[2026-05-12T20:13:14.896Z] [task-chain] No tasks in inbox — iteration 0 idle
[2026-05-12T20:13:14.896Z] [task-chain] Run complete: iterations=1 processed=0 chains_active=0 chains_completed=0 followups=0
[2026-05-12T20:17:32.410Z] [task-chain] Starting task-chain-engine run (lane=library, dry_run=false)
[2026-05-12T20:17:32.411Z] [task-chain] No tasks in inbox — iteration 0 idle
[2026-05-12T20:17:32.411Z] [task-chain] Run complete: iterations=1 processed=0 chains_active=0 chains_completed=0 followups=0
[2026-05-12T20:21:52.693Z] [task-chain] Starting task-chain-engine run (lane=library, dry_run=false)
[2026-05-12T20:21:52.694Z] [task-chain] No tasks in inbox — iteration 0 idle
[2026-05-12T20:21:52.694Z] [task-chain] Run complete: iterations=1 processed=0 chains_active=0 chains_completed=0 followups=0
[2026-05-12T20:26:10.187Z] [task-chain] Starting task-chain-engine run (lane=library, dry_run=false)
[2026-05-12T20:26:10.188Z] [task-chain] No tasks in inbox — iteration 0 idle
[2026-05-12T20:26:10.188Z] [task-chain] Run complete: iterations=1 processed=0 chains_active=0 chains_completed=0 followups=0
[2026-05-12T20:30:28.024Z] [task-chain] Starting task-chain-engine run (lane=library, dry_run=false)
[2026-05-12T20:30:28.025Z] [task-chain] No tasks in inbox — iteration 0 idle
[2026-05-12T20:30:28.025Z] [task-chain] Run complete: iterations=1 processed=0 chains_active=0 chains_completed=0 followups=0
[2026-05-12T20:33:44.913Z] [task-chain] Starting task-chain-engine run (lane=library, dry_run=false)
[2026-05-12T20:33:44.914Z] [task-chain] No tasks in inbox — iteration 0 idle
[2026-05-12T20:33:44.914Z] [task-chain] Run complete: iterations=1 processed=0 chains_active=0 chains_completed=0 followups=0
[2026-05-12T20:37:01.403Z] [task-chain] Starting task-chain-engine run (lane=library, dry_run=false)
[2026-05-12T20:37:01.404Z] [task-chain] No tasks in inbox — iteration 0 idle
[2026-05-12T20:37:01.404Z] [task-chain] Run complete: iterations=1 processed=0 chains_active=0 chains_completed=0 followups=0
[2026-05-12T20:40:19.196Z] [task-chain] Starting task-chain-engine run (lane=library, dry_run=false)
[2026-05-12T20:40:19.196Z] [task-chain] No tasks in inbox — iteration 0 idle
[2026-05-12T20:40:19.197Z] [task-chain] Run complete: iterations=1 processed=0 chains_active=0 chains_completed=0 followups=0
[2026-05-12T20:43:37.452Z] [task-chain] Starting task-chain-engine run (lane=library, dry_run=false)
[2026-05-12T20:43:37.453Z] [task-chain] No tasks in inbox — iteration 0 idle
[2026-05-12T20:43:37.453Z] [task-chain] Run complete: iterations=1 processed=0 chains_active=0 chains_completed=0 followups=0
[2026-05-12T20:46:55.143Z] [task-chain] Starting task-chain-engine run (lane=library, dry_run=false)
[2026-05-12T20:46:55.144Z] [task-chain] No tasks in inbox — iteration 0 idle
[2026-05-12T20:46:55.144Z] [task-chain] Run complete: iterations=1 processed=0 chains_active=0 chains_completed=0 followups=0
[2026-05-12T20:50:14.892Z] [task-chain] Starting task-chain-engine run (lane=library, dry_run=false)
[2026-05-12T20:50:14.893Z] [task-chain] No tasks in inbox — iteration 0 idle
[2026-05-12T20:50:14.893Z] [task-chain] Run complete: iterations=1 processed=0 chains_active=0 chains_completed=0 followups=0
[2026-05-12T20:53:33.523Z] [task-chain] Starting task-chain-engine run (lane=library, dry_run=false)
[2026-05-12T20:53:33.524Z] [task-chain] No tasks in inbox — iteration 0 idle
[2026-05-12T20:53:33.524Z] [task-chain] Run complete: iterations=1 processed=0 chains_active=0 chains_completed=0 followups=0
[2026-05-12T20:57:52.162Z] [task-chain] Starting task-chain-engine run (lane=library, dry_run=false)
[2026-05-12T20:57:52.163Z] [task-chain] No tasks in inbox — iteration 0 idle
[2026-05-12T20:57:52.163Z] [task-chain] Run complete: iterations=1 processed=0 chains_active=0 chains_completed=0 followups=0
[2026-05-12T21:02:09.937Z] [task-chain] Starting task-chain-engine run (lane=library, dry_run=false)
[2026-05-12T21:02:09.938Z] [task-chain] No tasks in inbox — iteration 0 idle
[2026-05-12T21:02:09.938Z] [task-chain] Run complete: iterations=1 processed=0 chains_active=0 chains_completed=0 followups=0
[2026-05-12T21:06:29.315Z] [task-chain] Starting task-chain-engine run (lane=library, dry_run=false)
[2026-05-12T21:06:29.316Z] [task-chain] No tasks in inbox — iteration 0 idle
[2026-05-12T21:06:29.316Z] [task-chain] Run complete: iterations=1 processed=0 chains_active=0 chains_completed=0 followups=0
[2026-05-12T21:10:53.201Z] [task-chain] Starting task-chain-engine run (lane=library, dry_run=false)
[2026-05-12T21:10:53.202Z] [task-chain] No tasks in inbox — iteration 0 idle
[2026-05-12T21:10:53.202Z] [task-chain] Run complete: iterations=1 processed=0 chains_active=0 chains_completed=0 followups=0
[2026-05-12T21:14:17.030Z] [task-chain] Starting task-chain-engine run (lane=library, dry_run=false)
[2026-05-12T21:14:17.031Z] [task-chain] No tasks in inbox — iteration 0 idle
[2026-05-12T21:14:17.031Z] [task-chain] Run complete: iterations=1 processed=0 chains_active=0 chains_completed=0 followups=0
[2026-05-12T21:17:49.009Z] [task-chain] Starting task-chain-engine run (lane=library, dry_run=false)
[2026-05-12T21:17:49.010Z] [task-chain] No tasks in inbox — iteration 0 idle
[2026-05-12T21:17:49.010Z] [task-chain] Run complete: iterations=1 processed=0 chains_active=0 chains_completed=0 followups=0
[2026-05-12T21:21:11.200Z] [task-chain] Starting task-chain-engine run (lane=library, dry_run=false)
[2026-05-12T21:21:11.201Z] [task-chain] No tasks in inbox — iteration 0 idle
[2026-05-12T21:21:11.202Z] [task-chain] Run complete: iterations=1 processed=0 chains_active=0 chains_completed=0 followups=0
[2026-05-12T21:24:38.190Z] [task-chain] Starting task-chain-engine run (lane=library, dry_run=false)
[2026-05-12T21:24:38.191Z] [task-chain] No tasks in inbox — iteration 0 idle
[2026-05-12T21:24:38.191Z] [task-chain] Run complete: iterations=1 processed=0 chains_active=0 chains_completed=0 followups=0
[2026-05-12T21:29:09.178Z] [task-chain] Starting task-chain-engine run (lane=library, dry_run=false)
[2026-05-12T21:29:09.179Z] [task-chain] No tasks in inbox — iteration 0 idle
[2026-05-12T21:29:09.179Z] [task-chain] Run complete: iterations=1 processed=0 chains_active=0 chains_completed=0 followups=0
[2026-05-12T21:33:35.794Z] [task-chain] Starting task-chain-engine run (lane=library, dry_run=false)
[2026-05-12T21:33:35.795Z] [task-chain] No tasks in inbox — iteration 0 idle
[2026-05-12T21:33:35.795Z] [task-chain] Run complete: iterations=1 processed=0 chains_active=0 chains_completed=0 followups=0
[2026-05-12T21:38:07.756Z] [task-chain] Starting task-chain-engine run (lane=library, dry_run=false)
[2026-05-12T21:38:07.756Z] [task-chain] No tasks in inbox — iteration 0 idle
[2026-05-12T21:38:07.757Z] [task-chain] Run complete: iterations=1 processed=0 chains_active=0 chains_completed=0 followups=0
[2026-05-12T21:42:30.447Z] [task-chain] Starting task-chain-engine run (lane=library, dry_run=false)
[2026-05-12T21:42:30.448Z] [task-chain] No tasks in inbox — iteration 0 idle
[2026-05-12T21:42:30.448Z] [task-chain] Run complete: iterations=1 processed=0 chains_active=0 chains_completed=0 followups=0
[2026-05-12T21:47:04.052Z] [task-chain] Starting task-chain-engine run (lane=library, dry_run=false)
[2026-05-12T21:47:04.054Z] [task-chain] No tasks in inbox — iteration 0 idle
[2026-05-12T21:47:04.054Z] [task-chain] Run complete: iterations=1 processed=0 chains_active=0 chains_completed=0 followups=0
[2026-05-12T21:51:37.604Z] [task-chain] Starting task-chain-engine run (lane=library, dry_run=false)
[2026-05-12T21:51:37.605Z] [task-chain] No tasks in inbox — iteration 0 idle
[2026-05-12T21:51:37.606Z] [task-chain] Run complete: iterations=1 processed=0 chains_active=0 chains_completed=0 followups=0
[2026-05-12T21:56:12.068Z] [task-chain] Starting task-chain-engine run (lane=library, dry_run=false)
[2026-05-12T21:56:12.069Z] [task-chain] No tasks in inbox — iteration 0 idle
[2026-05-12T21:56:12.070Z] [task-chain] Run complete: iterations=1 processed=0 chains_active=0 chains_completed=0 followups=0
[2026-05-12T22:00:34.409Z] [task-chain] Starting task-chain-engine run (lane=library, dry_run=false)
[2026-05-12T22:00:34.410Z] [task-chain] No tasks in inbox — iteration 0 idle
[2026-05-12T22:00:34.410Z] [task-chain] Run complete: iterations=1 processed=0 chains_active=0 chains_completed=0 followups=0
[2026-05-12T22:04:59.298Z] [task-chain] Starting task-chain-engine run (lane=library, dry_run=false)
[2026-05-12T22:04:59.299Z] [task-chain] No tasks in inbox — iteration 0 idle
[2026-05-12T22:04:59.299Z] [task-chain] Run complete: iterations=1 processed=0 chains_active=0 chains_completed=0 followups=0
[2026-05-12T22:09:28.406Z] [task-chain] Starting task-chain-engine run (lane=library, dry_run=false)
[2026-05-12T22:09:28.407Z] [task-chain] No tasks in inbox — iteration 0 idle
[2026-05-12T22:09:28.407Z] [task-chain] Run complete: iterations=1 processed=0 chains_active=0 chains_completed=0 followups=0
[2026-05-12T22:12:54.163Z] [task-chain] Starting task-chain-engine run (lane=library, dry_run=false)
[2026-05-12T22:12:54.164Z] [task-chain] No tasks in inbox — iteration 0 idle
[2026-05-12T22:12:54.164Z] [task-chain] Run complete: iterations=1 processed=0 chains_active=0 chains_completed=0 followups=0
[2026-05-12T22:16:19.525Z] [task-chain] Starting task-chain-engine run (lane=library, dry_run=false)
[2026-05-12T22:16:19.526Z] [task-chain] No tasks in inbox — iteration 0 idle
[2026-05-12T22:16:19.526Z] [task-chain] Run complete: iterations=1 processed=0 chains_active=0 chains_completed=0 followups=0
[2026-05-12T22:23:14.867Z] [task-chain] Starting task-chain-engine run (lane=library, dry_run=false)
[2026-05-12T22:23:14.868Z] [task-chain] No tasks in inbox — iteration 0 idle
[2026-05-12T22:23:14.868Z] [task-chain] Run complete: iterations=1 processed=0 chains_active=0 chains_completed=0 followups=0
[2026-05-12T22:26:36.262Z] [task-chain] Starting task-chain-engine run (lane=library, dry_run=false)
[2026-05-12T22:26:36.263Z] [task-chain] No tasks in inbox — iteration 0 idle
[2026-05-12T22:26:36.263Z] [task-chain] Run complete: iterations=1 processed=0 chains_active=0 chains_completed=0 followups=0
[2026-05-12T22:30:01.573Z] [task-chain] Starting task-chain-engine run (lane=library, dry_run=false)
[2026-05-12T22:30:01.574Z] [task-chain] No tasks in inbox — iteration 0 idle
[2026-05-12T22:30:01.574Z] [task-chain] Run complete: iterations=1 processed=0 chains_active=0 chains_completed=0 followups=0
[2026-05-12T22:33:43.678Z] [task-chain] Starting task-chain-engine run (lane=library, dry_run=false)
[2026-05-12T22:33:43.679Z] [task-chain] No tasks in inbox — iteration 0 idle
[2026-05-12T22:33:43.679Z] [task-chain] Run complete: iterations=1 processed=0 chains_active=0 chains_completed=0 followups=0
[2026-05-12T22:37:27.516Z] [task-chain] Starting task-chain-engine run (lane=library, dry_run=false)
[2026-05-12T22:37:27.518Z] [task-chain] No tasks in inbox — iteration 0 idle
[2026-05-12T22:37:27.518Z] [task-chain] Run complete: iterations=1 processed=0 chains_active=0 chains_completed=0 followups=0
[2026-05-12T22:44:19.140Z] [task-chain] Starting task-chain-engine run (lane=library, dry_run=false)
[2026-05-12T22:44:19.142Z] [task-chain] No tasks in inbox — iteration 0 idle
[2026-05-12T22:44:19.142Z] [task-chain] Run complete: iterations=1 processed=0 chains_active=0 chains_completed=0 followups=0
[2026-05-12T22:49:11.153Z] [task-chain] Starting task-chain-engine run (lane=library, dry_run=false)
[2026-05-12T22:49:11.153Z] [task-chain] No tasks in inbox — iteration 0 idle
[2026-05-12T22:49:11.154Z] [task-chain] Run complete: iterations=1 processed=0 chains_active=0 chains_completed=0 followups=0
[2026-05-12T22:53:02.045Z] [task-chain] Starting task-chain-engine run (lane=library, dry_run=false)
[2026-05-12T22:53:02.046Z] [task-chain] No tasks in inbox — iteration 0 idle
[2026-05-12T22:53:02.047Z] [task-chain] Run complete: iterations=1 processed=0 chains_active=0 chains_completed=0 followups=0
[2026-05-12T22:56:49.913Z] [task-chain] Starting task-chain-engine run (lane=library, dry_run=false)
[2026-05-12T22:56:49.914Z] [task-chain] No tasks in inbox — iteration 0 idle
[2026-05-12T22:56:49.915Z] [task-chain] Run complete: iterations=1 processed=0 chains_active=0 chains_completed=0 followups=0
[2026-05-12T23:08:29.149Z] [task-chain] Starting task-chain-engine run (lane=library, dry_run=false)
[2026-05-12T23:08:29.150Z] [task-chain] No tasks in inbox — iteration 0 idle
[2026-05-12T23:08:29.150Z] [task-chain] Run complete: iterations=1 processed=0 chains_active=0 chains_completed=0 followups=0
[2026-05-12T23:12:01.637Z] [task-chain] Starting task-chain-engine run (lane=library, dry_run=false)
[2026-05-12T23:12:01.639Z] [task-chain] No tasks in inbox — iteration 0 idle
[2026-05-12T23:12:01.639Z] [task-chain] Run complete: iterations=1 processed=0 chains_active=0 chains_completed=0 followups=0
[2026-05-12T23:18:31.195Z] [task-chain] Starting task-chain-engine run (lane=library, dry_run=false)
[2026-05-12T23:18:31.196Z] [task-chain] No tasks in inbox — iteration 0 idle
[2026-05-12T23:18:31.196Z] [task-chain] Run complete: iterations=1 processed=0 chains_active=0 chains_completed=0 followups=0
[2026-05-12T23:23:19.154Z] [task-chain] Starting task-chain-engine run (lane=library, dry_run=false)
[2026-05-12T23:23:19.155Z] [task-chain] No tasks in inbox — iteration 0 idle
[2026-05-12T23:23:19.155Z] [task-chain] Run complete: iterations=1 processed=0 chains_active=0 chains_completed=0 followups=0
[2026-05-12T23:28:15.136Z] [task-chain] Starting task-chain-engine run (lane=library, dry_run=false)
[2026-05-12T23:28:15.137Z] [task-chain] No tasks in inbox — iteration 0 idle
[2026-05-12T23:28:15.137Z] [task-chain] Run complete: iterations=1 processed=0 chains_active=0 chains_completed=0 followups=0
[2026-05-12T23:32:54.110Z] [task-chain] Starting task-chain-engine run (lane=library, dry_run=false)
[2026-05-12T23:32:54.112Z] [task-chain] No tasks in inbox — iteration 0 idle
[2026-05-12T23:32:54.112Z] [task-chain] Run complete: iterations=1 processed=0 chains_active=0 chains_completed=0 followups=0
[2026-05-12T23:36:32.948Z] [task-chain] Starting task-chain-engine run (lane=library, dry_run=false)
[2026-05-12T23:36:32.949Z] [task-chain] No tasks in inbox — iteration 0 idle
[2026-05-12T23:36:32.949Z] [task-chain] Run complete: iterations=1 processed=0 chains_active=0 chains_completed=0 followups=0
[2026-05-12T23:41:09.322Z] [task-chain] Starting task-chain-engine run (lane=library, dry_run=false)
[2026-05-12T23:41:09.323Z] [task-chain] No tasks in inbox — iteration 0 idle
[2026-05-12T23:41:09.323Z] [task-chain] Run complete: iterations=1 processed=0 chains_active=0 chains_completed=0 followups=0
[2026-05-12T23:46:56.751Z] [task-chain] Starting task-chain-engine run (lane=library, dry_run=false)
[2026-05-12T23:46:56.753Z] [task-chain] No tasks in inbox — iteration 0 idle
[2026-05-12T23:46:56.753Z] [task-chain] Run complete: iterations=1 processed=0 chains_active=0 chains_completed=0 followups=0
[2026-05-12T23:51:16.269Z] [task-chain] Starting task-chain-engine run (lane=library, dry_run=false)
[2026-05-12T23:51:16.270Z] [task-chain] No tasks in inbox — iteration 0 idle
[2026-05-12T23:51:16.270Z] [task-chain] Run complete: iterations=1 processed=0 chains_active=0 chains_completed=0 followups=0
[2026-05-12T23:55:40.210Z] [task-chain] Starting task-chain-engine run (lane=library, dry_run=false)
[2026-05-12T23:55:40.211Z] [task-chain] No tasks in inbox — iteration 0 idle
[2026-05-12T23:55:40.211Z] [task-chain] Run complete: iterations=1 processed=0 chains_active=0 chains_completed=0 followups=0
[2026-05-13T00:00:00.963Z] [task-chain] Starting task-chain-engine run (lane=library, dry_run=false)
[2026-05-13T00:00:00.964Z] [task-chain] No tasks in inbox — iteration 0 idle
[2026-05-13T00:00:00.964Z] [task-chain] Run complete: iterations=1 processed=0 chains_active=0 chains_completed=0 followups=0
[2026-05-13T00:03:17.707Z] [task-chain] Starting task-chain-engine run (lane=library, dry_run=false)
[2026-05-13T00:03:17.708Z] [task-chain] No tasks in inbox — iteration 0 idle
[2026-05-13T00:03:17.708Z] [task-chain] Run complete: iterations=1 processed=0 chains_active=0 chains_completed=0 followups=0
[2026-05-13T00:06:34.373Z] [task-chain] Starting task-chain-engine run (lane=library, dry_run=false)
[2026-05-13T00:06:34.374Z] [task-chain] No tasks in inbox — iteration 0 idle
[2026-05-13T00:06:34.374Z] [task-chain] Run complete: iterations=1 processed=0 chains_active=0 chains_completed=0 followups=0
[2026-05-13T00:10:57.304Z] [task-chain] Starting task-chain-engine run (lane=library, dry_run=false)
[2026-05-13T00:10:57.306Z] [task-chain] No tasks in inbox — iteration 0 idle
[2026-05-13T00:10:57.306Z] [task-chain] Run complete: iterations=1 processed=0 chains_active=0 chains_completed=0 followups=0
[2026-05-13T00:15:17.218Z] [task-chain] Starting task-chain-engine run (lane=library, dry_run=false)
[2026-05-13T00:15:17.219Z] [task-chain] No tasks in inbox — iteration 0 idle
[2026-05-13T00:15:17.219Z] [task-chain] Run complete: iterations=1 processed=0 chains_active=0 chains_completed=0 followups=0
[2026-05-13T00:19:36.579Z] [task-chain] Starting task-chain-engine run (lane=library, dry_run=false)
[2026-05-13T00:19:36.579Z] [task-chain] No tasks in inbox — iteration 0 idle
[2026-05-13T00:19:36.580Z] [task-chain] Run complete: iterations=1 processed=0 chains_active=0 chains_completed=0 followups=0
[2026-05-13T00:24:06.279Z] [task-chain] Starting task-chain-engine run (lane=library, dry_run=false)
[2026-05-13T00:24:06.280Z] [task-chain] No tasks in inbox — iteration 0 idle
[2026-05-13T00:24:06.280Z] [task-chain] Run complete: iterations=1 processed=0 chains_active=0 chains_completed=0 followups=0
[2026-05-13T00:28:29.258Z] [task-chain] Starting task-chain-engine run (lane=library, dry_run=false)
[2026-05-13T00:28:29.259Z] [task-chain] No tasks in inbox — iteration 0 idle
[2026-05-13T00:28:29.259Z] [task-chain] Run complete: iterations=1 processed=0 chains_active=0 chains_completed=0 followups=0
[2026-05-13T00:32:48.102Z] [task-chain] Starting task-chain-engine run (lane=library, dry_run=false)
[2026-05-13T00:32:48.103Z] [task-chain] No tasks in inbox — iteration 0 idle
[2026-05-13T00:32:48.103Z] [task-chain] Run complete: iterations=1 processed=0 chains_active=0 chains_completed=0 followups=0
[2026-05-13T00:36:18.883Z] [task-chain] Starting task-chain-engine run (lane=library, dry_run=false)
[2026-05-13T00:36:18.884Z] [task-chain] No tasks in inbox — iteration 0 idle
[2026-05-13T00:36:18.884Z] [task-chain] Run complete: iterations=1 processed=0 chains_active=0 chains_completed=0 followups=0
[2026-05-13T00:39:49.103Z] [task-chain] Starting task-chain-engine run (lane=library, dry_run=false)
[2026-05-13T00:39:49.104Z] [task-chain] No tasks in inbox — iteration 0 idle
[2026-05-13T00:39:49.105Z] [task-chain] Run complete: iterations=1 processed=0 chains_active=0 chains_completed=0 followups=0
[2026-05-13T00:43:19.475Z] [task-chain] Starting task-chain-engine run (lane=library, dry_run=false)
[2026-05-13T00:43:19.476Z] [task-chain] No tasks in inbox — iteration 0 idle
[2026-05-13T00:43:19.476Z] [task-chain] Run complete: iterations=1 processed=0 chains_active=0 chains_completed=0 followups=0
[2026-05-13T00:46:49.435Z] [task-chain] Starting task-chain-engine run (lane=library, dry_run=false)
[2026-05-13T00:46:49.436Z] [task-chain] No tasks in inbox — iteration 0 idle
[2026-05-13T00:46:49.436Z] [task-chain] Run complete: iterations=1 processed=0 chains_active=0 chains_completed=0 followups=0
[2026-05-13T00:50:12.408Z] [task-chain] Starting task-chain-engine run (lane=library, dry_run=false)
[2026-05-13T00:50:12.409Z] [task-chain] No tasks in inbox — iteration 0 idle
[2026-05-13T00:50:12.409Z] [task-chain] Run complete: iterations=1 processed=0 chains_active=0 chains_completed=0 followups=0
[2026-05-13T00:55:07.011Z] [task-chain] Starting task-chain-engine run (lane=library, dry_run=false)
[2026-05-13T00:55:07.012Z] [task-chain] No tasks in inbox — iteration 0 idle
[2026-05-13T00:55:07.012Z] [task-chain] Run complete: iterations=1 processed=0 chains_active=0 chains_completed=0 followups=0
[2026-05-13T00:58:44.348Z] [task-chain] Starting task-chain-engine run (lane=library, dry_run=false)
[2026-05-13T00:58:44.349Z] [task-chain] No tasks in inbox — iteration 0 idle
[2026-05-13T00:58:44.349Z] [task-chain] Run complete: iterations=1 processed=0 chains_active=0 chains_completed=0 followups=0
[2026-05-13T01:02:07.868Z] [task-chain] Starting task-chain-engine run (lane=library, dry_run=false)
[2026-05-13T01:02:07.869Z] [task-chain] No tasks in inbox — iteration 0 idle
[2026-05-13T01:02:07.869Z] [task-chain] Run complete: iterations=1 processed=0 chains_active=0 chains_completed=0 followups=0
[2026-05-13T01:05:32.546Z] [task-chain] Starting task-chain-engine run (lane=library, dry_run=false)
[2026-05-13T01:05:32.548Z] [task-chain] Iteration 0: 2 tasks in inbox
[2026-05-13T01:05:32.548Z] [task-chain] Processing task nack-1778634329132-jdk3of chain=nack-1778634329132-jdk3of depth=0
[2026-05-13T01:05:32.549Z] [task-chain] Processing task nack-1778634331858-eu6pv7 chain=nack-1778634331858-eu6pv7 depth=0
[2026-05-13T01:05:32.549Z] [task-chain] No tasks in inbox — iteration 1 idle
[2026-05-13T01:05:32.550Z] [task-chain] Run complete: iterations=2 processed=2 chains_active=2 chains_completed=0 followups=0
[2026-05-13T01:08:54.234Z] [task-chain] Starting task-chain-engine run (lane=library, dry_run=false)
[2026-05-13T01:08:54.235Z] [task-chain] No tasks in inbox — iteration 0 idle
[2026-05-13T01:08:54.235Z] [task-chain] Run complete: iterations=1 processed=0 chains_active=2 chains_completed=0 followups=0
[2026-05-13T01:12:13.376Z] [task-chain] Starting task-chain-engine run (lane=library, dry_run=false)
[2026-05-13T01:12:13.377Z] [task-chain] No tasks in inbox — iteration 0 idle
[2026-05-13T01:12:13.377Z] [task-chain] Run complete: iterations=1 processed=0 chains_active=2 chains_completed=0 followups=0
[2026-05-13T01:15:32.002Z] [task-chain] Starting task-chain-engine run (lane=library, dry_run=false)
[2026-05-13T01:15:32.004Z] [task-chain] Iteration 0: 6 tasks in inbox
[2026-05-13T01:15:32.005Z] [task-chain] Processing task nack-1778634914343-8hqu44 chain=nack-1778634914343-8hqu44 depth=0
[2026-05-13T01:15:32.005Z] [task-chain] Processing task nack-1778634917089-e4bh59 chain=nack-1778634917089-e4bh59 depth=0
[2026-05-13T01:15:32.006Z] [task-chain] Processing task nack-1778634919777-eebjme chain=nack-1778634919777-eebjme depth=0
[2026-05-13T01:15:32.006Z] [task-chain] Processing task nack-1778634925180-5h9ed9 chain=nack-1778634925180-5h9ed9 depth=0
[2026-05-13T01:15:32.006Z] [task-chain] Processing task nack-1778634927923-ezdr51 chain=nack-1778634927923-ezdr51 depth=0
[2026-05-13T01:15:32.006Z] [task-chain] Processing task nack-1778634930634-qtw0a0 chain=nack-1778634930634-qtw0a0 depth=0
[2026-05-13T01:15:32.007Z] [task-chain] No tasks in inbox — iteration 1 idle
[2026-05-13T01:15:32.007Z] [task-chain] Run complete: iterations=2 processed=6 chains_active=8 chains_completed=0 followups=0
[2026-05-13T01:19:53.667Z] [task-chain] Starting task-chain-engine run (lane=library, dry_run=false)
[2026-05-13T01:19:53.668Z] [task-chain] No tasks in inbox — iteration 0 idle
[2026-05-13T01:19:53.668Z] [task-chain] Run complete: iterations=1 processed=0 chains_active=8 chains_completed=0 followups=0
[2026-05-13T01:24:11.587Z] [task-chain] Starting task-chain-engine run (lane=library, dry_run=false)
[2026-05-13T01:24:11.588Z] [task-chain] No tasks in inbox — iteration 0 idle
[2026-05-13T01:24:11.588Z] [task-chain] Run complete: iterations=1 processed=0 chains_active=8 chains_completed=0 followups=0
[2026-05-13T01:27:33.951Z] [task-chain] Starting task-chain-engine run (lane=library, dry_run=false)
[2026-05-13T01:27:33.953Z] [task-chain] Iteration 0: 4 tasks in inbox
[2026-05-13T01:27:33.953Z] [task-chain] Processing task nack-1778635639540-3eumqw chain=nack-1778635639540-3eumqw depth=0
[2026-05-13T01:27:33.954Z] [task-chain] Processing task nack-1778635644739-xx0as6 chain=nack-1778635644739-xx0as6 depth=0
[2026-05-13T01:27:33.954Z] [task-chain] Processing task nack-1778635647582-0p4bkt chain=nack-1778635647582-0p4bkt depth=0
[2026-05-13T01:27:33.954Z] [task-chain] Processing task nack-1778635650296-urctss chain=nack-1778635650296-urctss depth=0
[2026-05-13T01:27:33.955Z] [task-chain] No tasks in inbox — iteration 1 idle
[2026-05-13T01:27:33.955Z] [task-chain] Run complete: iterations=2 processed=4 chains_active=12 chains_completed=0 followups=0
[2026-05-13T01:30:56.519Z] [task-chain] Starting task-chain-engine run (lane=library, dry_run=false)
[2026-05-13T01:30:56.520Z] [task-chain] No tasks in inbox — iteration 0 idle
[2026-05-13T01:30:56.520Z] [task-chain] Run complete: iterations=1 processed=0 chains_active=12 chains_completed=0 followups=0
[2026-05-13T01:34:14.320Z] [task-chain] Starting task-chain-engine run (lane=library, dry_run=false)
[2026-05-13T01:34:14.321Z] [task-chain] No tasks in inbox — iteration 0 idle
[2026-05-13T01:34:14.321Z] [task-chain] Run complete: iterations=1 processed=0 chains_active=12 chains_completed=0 followups=0
[2026-05-13T01:37:38.052Z] [task-chain] Starting task-chain-engine run (lane=library, dry_run=false)
[2026-05-13T01:37:38.054Z] [task-chain] Iteration 0: 3 tasks in inbox
[2026-05-13T01:37:38.054Z] [task-chain] Processing task nack-1778636247949-j8zt65 chain=nack-1778636247949-j8zt65 depth=0
[2026-05-13T01:37:38.055Z] [task-chain] Processing task nack-1778636253525-ieynxx chain=nack-1778636253525-ieynxx depth=0
[2026-05-13T01:37:38.055Z] [task-chain] Processing task nack-1778636256609-sdh1g8 chain=nack-1778636256609-sdh1g8 depth=0
[2026-05-13T01:37:38.056Z] [task-chain] No tasks in inbox — iteration 1 idle
[2026-05-13T01:37:38.056Z] [task-chain] Run complete: iterations=2 processed=3 chains_active=15 chains_completed=0 followups=0
[2026-05-13T01:41:08.153Z] [task-chain] Starting task-chain-engine run (lane=library, dry_run=false)
[2026-05-13T01:41:08.154Z] [task-chain] No tasks in inbox — iteration 0 idle
[2026-05-13T01:41:08.154Z] [task-chain] Run complete: iterations=1 processed=0 chains_active=15 chains_completed=0 followups=0
