[2026-05-10  8:56:53.19] Library Lane Auto-Start beginning 
[2026-05-10  8:56:53.23] lane-worker started 
[2026-05-10  8:56:56.20] relay-daemon started 
[2026-05-10  8:56:59.24] heartbeat started 
[2026-05-10  8:56:59.24] Library Lane Auto-Start complete 
[2026-05-10  8:57:05.23] Starting library lane 
[2026-05-10  8:57:11.15] library lane started 
[2026-05-13 11:04:55.19] Library Lane Auto-Start beginning 
[2026-05-13 11:04:55.26] lane-worker started 
[2026-05-13 11:04:58.14] relay-daemon started 
[2026-05-13 11:05:01.31] heartbeat started 
[2026-05-13 11:05:01.31] Library Lane Auto-Start complete 
[2026-05-13 11:05:07.16] Starting library lane 
[2026-05-13 11:05:13.18] library lane started 
[2026-05-15 12:31:12.19] Library Lane Auto-Start beginning 
[2026-05-15 12:31:12.25] lane-worker started 
[2026-05-15 12:31:15.25] relay-daemon started 
[2026-05-15 12:31:18.41] heartbeat started 
[2026-05-15 12:31:18.46] Library Lane Auto-Start complete 
[2026-05-15 12:31:25.24] Starting library lane 
[2026-05-15 12:31:31.26] library lane started 
[2026-05-18  0:22:42.18] Library Lane Auto-Start beginning 
[2026-05-18  0:22:42.20] lane-worker started 
[2026-05-18  0:22:45.18] relay-daemon started 
[2026-05-18  0:22:48.24] heartbeat started 
[2026-05-18  0:22:48.28] Library Lane Auto-Start complete 
[2026-05-18  0:22:54.25] Starting library lane 
[2026-05-18  0:23:00.16] library lane started 
